0 info it worked if it ends with ok
1 verbose cli [ 'C:\\nodejs\\\\node.exe',
1 verbose cli   'C:\\nodejs\\node_modules\\npm\\bin\\npm-cli.js',
1 verbose cli   'install',
1 verbose cli   'SimpleHTTPServer' ]
2 info using npm@1.4.28
3 info using node@v0.10.32
4 verbose node symlink C:\nodejs\\node.exe
5 verbose cache add [ 'SimpleHTTPServer', null ]
6 verbose cache add name=undefined spec="SimpleHTTPServer" args=["SimpleHTTPServer",null]
7 verbose parsed url { protocol: null,
7 verbose parsed url   slashes: null,
7 verbose parsed url   auth: null,
7 verbose parsed url   host: null,
7 verbose parsed url   port: null,
7 verbose parsed url   hostname: null,
7 verbose parsed url   hash: null,
7 verbose parsed url   search: null,
7 verbose parsed url   query: null,
7 verbose parsed url   pathname: 'SimpleHTTPServer',
7 verbose parsed url   path: 'SimpleHTTPServer',
7 verbose parsed url   href: 'SimpleHTTPServer' }
8 silly lockFile 6954c331-SimpleHTTPServer SimpleHTTPServer
9 verbose lock SimpleHTTPServer C:\Users\Tole\AppData\Roaming\npm-cache\6954c331-SimpleHTTPServer.lock
10 silly lockFile 6954c331-SimpleHTTPServer SimpleHTTPServer
11 silly lockFile 6954c331-SimpleHTTPServer SimpleHTTPServer
12 verbose addNamed [ 'SimpleHTTPServer', '' ]
13 verbose addNamed [ null, '*' ]
14 silly lockFile c58d39fb-SimpleHTTPServer SimpleHTTPServer@
15 verbose lock SimpleHTTPServer@ C:\Users\Tole\AppData\Roaming\npm-cache\c58d39fb-SimpleHTTPServer.lock
16 silly addNameRange { name: 'SimpleHTTPServer', range: '*', hasData: false }
17 verbose request where is /SimpleHTTPServer
18 verbose request registry https://registry.npmjs.org/
19 verbose request id b3303360ba9d1c95
20 verbose url raw /SimpleHTTPServer
21 verbose url resolving [ 'https://registry.npmjs.org/', './SimpleHTTPServer' ]
22 verbose url resolved https://registry.npmjs.org/SimpleHTTPServer
23 verbose request where is https://registry.npmjs.org/SimpleHTTPServer
24 info trying registry request attempt 1 at 20:51:10
25 http GET https://registry.npmjs.org/SimpleHTTPServer
26 http 404 https://registry.npmjs.org/SimpleHTTPServer
27 verbose headers { date: 'Fri, 16 Jan 2015 04:51:10 GMT',
27 verbose headers   server: 'CouchDB/1.5.0 (Erlang OTP/R16B03)',
27 verbose headers   'content-type': 'application/json',
27 verbose headers   'cache-control': 'max-age=0',
27 verbose headers   'content-length': '52',
27 verbose headers   'accept-ranges': 'bytes',
27 verbose headers   via: '1.1 varnish',
27 verbose headers   age: '0',
27 verbose headers   'x-served-by': 'cache-sjc3128-SJC',
27 verbose headers   'x-cache': 'MISS',
27 verbose headers   'x-cache-hits': '0',
27 verbose headers   'x-timer': 'S1421383869.684433,VS0,VE359',
27 verbose headers   'keep-alive': 'timeout=10, max=50',
27 verbose headers   connection: 'Keep-Alive' }
28 silly registry.get cb [ 404,
28 silly registry.get   { date: 'Fri, 16 Jan 2015 04:51:10 GMT',
28 silly registry.get     server: 'CouchDB/1.5.0 (Erlang OTP/R16B03)',
28 silly registry.get     'content-type': 'application/json',
28 silly registry.get     'cache-control': 'max-age=0',
28 silly registry.get     'content-length': '52',
28 silly registry.get     'accept-ranges': 'bytes',
28 silly registry.get     via: '1.1 varnish',
28 silly registry.get     age: '0',
28 silly registry.get     'x-served-by': 'cache-sjc3128-SJC',
28 silly registry.get     'x-cache': 'MISS',
28 silly registry.get     'x-cache-hits': '0',
28 silly registry.get     'x-timer': 'S1421383869.684433,VS0,VE359',
28 silly registry.get     'keep-alive': 'timeout=10, max=50',
28 silly registry.get     connection: 'Keep-Alive' } ]
29 silly lockFile c58d39fb-SimpleHTTPServer SimpleHTTPServer@
30 silly lockFile c58d39fb-SimpleHTTPServer SimpleHTTPServer@
31 error 404 404 Not Found: SimpleHTTPServer
31 error 404
31 error 404 'SimpleHTTPServer' is not in the npm registry.
31 error 404 You should bug the author to publish it
31 error 404
31 error 404 Note that you can also install from a
31 error 404 tarball, folder, or http url, or git url.
32 error System Windows_NT 6.2.9200
33 error command "C:\\nodejs\\\\node.exe" "C:\\nodejs\\node_modules\\npm\\bin\\npm-cli.js" "install" "SimpleHTTPServer"
34 error cwd C:\Users\Tole\jSstuffings\HexGL
35 error node -v v0.10.32
36 error npm -v 1.4.28
37 error code E404
38 verbose exit [ 1, true ]
